
  .   ____          _            __ _ _
 /\\ / ___'_ __ _ _(_)_ __  __ _ \ \ \ \
( ( )\___ | '_ | '_| | '_ \/ _` | \ \ \ \
 \\/  ___)| |_)| | | | | || (_| |  ) ) ) )
  '  |____| .__|_| |_|_| |_\__, | / / / /
 =========|_|==============|___/=/_/_/_/

 :: Spring Boot ::                (v3.4.3)

2026-03-13T10:33:40.397+07:00  INFO 8672 --- [EcoSolution_EVOSNDA] [           main] o.s.ecosolution.EcosolutionApplication   : Starting EcosolutionApplication v0.0.1-SNAPSHOT using Java 21.0.9 with PID 8672 (D:\TERM_05\wip\target\ecosolution-0.0.1-SNAPSHOT.jar started by evosn in D:\TERM_05\wip)
2026-03-13T10:33:40.399+07:00  INFO 8672 --- [EcoSolution_EVOSNDA] [           main] o.s.ecosolution.EcosolutionApplication   : No active profile set, falling back to 1 default profile: "default"
2026-03-13T10:33:41.144+07:00  INFO 8672 --- [EcoSolution_EVOSNDA] [           main] .s.d.r.c.RepositoryConfigurationDelegate : Bootstrapping Spring Data JPA repositories in DEFAULT mode.
2026-03-13T10:33:41.221+07:00  INFO 8672 --- [EcoSolution_EVOSNDA] [           main] .s.d.r.c.RepositoryConfigurationDelegate : Finished Spring Data repository scanning in 66 ms. Found 3 JPA repository interfaces.
2026-03-13T10:33:41.857+07:00  INFO 8672 --- [EcoSolution_EVOSNDA] [           main] o.s.b.w.embedded.tomcat.TomcatWebServer  : Tomcat initialized with port 8080 (http)
2026-03-13T10:33:41.871+07:00  INFO 8672 --- [EcoSolution_EVOSNDA] [           main] o.apache.catalina.core.StandardService   : Starting service [Tomcat]
2026-03-13T10:33:41.872+07:00  INFO 8672 --- [EcoSolution_EVOSNDA] [           main] o.apache.catalina.core.StandardEngine    : Starting Servlet engine: [Apache Tomcat/10.1.36]
2026-03-13T10:33:41.911+07:00  INFO 8672 --- [EcoSolution_EVOSNDA] [           main] o.a.c.c.C.[Tomcat].[localhost].[/]       : Initializing Spring embedded WebApplicationContext
2026-03-13T10:33:41.912+07:00  INFO 8672 --- [EcoSolution_EVOSNDA] [           main] w.s.c.ServletWebServerApplicationContext : Root WebApplicationContext: initialization completed in 1472 ms
2026-03-13T10:33:42.110+07:00  INFO 8672 --- [EcoSolution_EVOSNDA] [           main] o.hibernate.jpa.internal.util.LogHelper  : HHH000204: Processing PersistenceUnitInfo [name: default]
2026-03-13T10:33:42.185+07:00  INFO 8672 --- [EcoSolution_EVOSNDA] [           main] org.hibernate.Version                    : HHH000412: Hibernate ORM core version 6.6.8.Final
2026-03-13T10:33:42.231+07:00  INFO 8672 --- [EcoSolution_EVOSNDA] [           main] o.h.c.internal.RegionFactoryInitiator    : HHH000026: Second-level cache disabled
2026-03-13T10:33:42.640+07:00  INFO 8672 --- [EcoSolution_EVOSNDA] [           main] o.s.o.j.p.SpringPersistenceUnitInfo      : No LoadTimeWeaver setup: ignoring JPA class transformer
2026-03-13T10:33:42.680+07:00  INFO 8672 --- [EcoSolution_EVOSNDA] [           main] com.zaxxer.hikari.HikariDataSource       : HikariPool-1 - Starting...
2026-03-13T10:33:43.121+07:00  INFO 8672 --- [EcoSolution_EVOSNDA] [           main] com.zaxxer.hikari.pool.HikariPool        : HikariPool-1 - Added connection com.mysql.cj.jdbc.ConnectionImpl@6f8ac8d5
2026-03-13T10:33:43.124+07:00  INFO 8672 --- [EcoSolution_EVOSNDA] [           main] com.zaxxer.hikari.HikariDataSource       : HikariPool-1 - Start completed.
2026-03-13T10:33:43.210+07:00  INFO 8672 --- [EcoSolution_EVOSNDA] [           main] org.hibernate.orm.connections.pooling    : HHH10001005: Database info:
	Database JDBC URL [Connecting through datasource 'HikariDataSource (HikariPool-1)']
	Database driver: undefined/unknown
	Database version: 9.6
	Autocommit mode: undefined/unknown
	Isolation level: undefined/unknown
	Minimum pool size: undefined/unknown
	Maximum pool size: undefined/unknown
2026-03-13T10:33:44.139+07:00  INFO 8672 --- [EcoSolution_EVOSNDA] [           main] o.h.e.t.j.p.i.JtaPlatformInitiator       : HHH000489: No JTA platform available (set 'hibernate.transaction.jta.platform' to enable JTA platform integration)
2026-03-13T10:33:44.245+07:00  INFO 8672 --- [EcoSolution_EVOSNDA] [           main] j.LocalContainerEntityManagerFactoryBean : Initialized JPA EntityManagerFactory for persistence unit 'default'
2026-03-13T10:33:44.695+07:00  INFO 8672 --- [EcoSolution_EVOSNDA] [           main] o.s.d.j.r.query.QueryEnhancerFactory     : Hibernate is in classpath; If applicable, HQL parser will be used.
2026-03-13T10:33:45.567+07:00  WARN 8672 --- [EcoSolution_EVOSNDA] [           main] JpaBaseConfiguration$JpaWebConfiguration : spring.jpa.open-in-view is enabled by default. Therefore, database queries may be performed during view rendering. Explicitly configure spring.jpa.open-in-view to disable this warning
2026-03-13T10:33:46.103+07:00  WARN 8672 --- [EcoSolution_EVOSNDA] [           main] ConfigServletWebServerApplicationContext : Exception encountered during context initialization - cancelling refresh attempt: org.springframework.context.ApplicationContextException: Failed to start bean 'webServerStartStop'
2026-03-13T10:33:46.105+07:00  INFO 8672 --- [EcoSolution_EVOSNDA] [           main] j.LocalContainerEntityManagerFactoryBean : Closing JPA EntityManagerFactory for persistence unit 'default'
2026-03-13T10:33:46.109+07:00  INFO 8672 --- [EcoSolution_EVOSNDA] [           main] com.zaxxer.hikari.HikariDataSource       : HikariPool-1 - Shutdown initiated...
2026-03-13T10:33:46.126+07:00  INFO 8672 --- [EcoSolution_EVOSNDA] [           main] com.zaxxer.hikari.HikariDataSource       : HikariPool-1 - Shutdown completed.
2026-03-13T10:33:46.141+07:00  INFO 8672 --- [EcoSolution_EVOSNDA] [           main] .s.b.a.l.ConditionEvaluationReportLogger : 

Error starting ApplicationContext. To display the condition evaluation report re-run your application with 'debug' enabled.
2026-03-13T10:33:46.166+07:00 ERROR 8672 --- [EcoSolution_EVOSNDA] [           main] o.s.b.d.LoggingFailureAnalysisReporter   : 

***************************
APPLICATION FAILED TO START
***************************

Description:

Web server failed to start. Port 8080 was already in use.

Action:

Identify and stop the process that's listening on port 8080 or configure this application to listen on another port.

