[INFO] Scanning for projects...
[INFO] 
[INFO] ---------------< org.swp391-group4-backend:ecosolution >----------------
[INFO] Building ecosolution 0.0.1-SNAPSHOT
[INFO]   from pom.xml
[INFO] --------------------------------[ jar ]---------------------------------
[INFO] 
[INFO] --- resources:3.3.1:resources (default-resources) @ ecosolution ---
[INFO] Copying 2 resources from src\main\resources to target\classes
[INFO] Copying 0 resource from src\main\resources to target\classes
[INFO] 
[INFO] --- compiler:3.14.1:compile (default-compile) @ ecosolution ---
[INFO] Recompiling the module because of changed source code.
[INFO] Compiling 101 source files with javac [debug parameters release 21] to target\classes
[INFO] /D:/FPT/SWP391/Project/SWP391-GR4-EcoSolution-HaiPT2002/src/main/java/org/swp391_group4_backend/ecosolution/auth/security/JwtAuthenticationFilter.java: D:\FPT\SWP391\Project\SWP391-GR4-EcoSolution-HaiPT2002\src\main\java\org\swp391_group4_backend\ecosolution\auth\security\JwtAuthenticationFilter.java uses or overrides a deprecated API.
[INFO] /D:/FPT/SWP391/Project/SWP391-GR4-EcoSolution-HaiPT2002/src/main/java/org/swp391_group4_backend/ecosolution/auth/security/JwtAuthenticationFilter.java: Recompile with -Xlint:deprecation for details.
[INFO] ------------------------------------------------------------------------
[INFO] BUILD SUCCESS
[INFO] ------------------------------------------------------------------------
[INFO] Total time:  6.501 s
[INFO] Finished at: 2026-03-07T20:21:56+07:00
[INFO] ------------------------------------------------------------------------
